<?xml version="1.0" encoding="UTF-8" ?>
<testsuite failures="0" time="1.331" errors="0" skipped="0" tests="3" name="it.geosolutions.geostore.core.security.password.EncodingTest">
  <properties>
    <property name="java.vendor" value="Sun Microsystems Inc."/>
    <property name="env.SYSTEMROOT" value="C:\Windows"/>
    <property name="localRepository" value="C:\Users\Admin\.m2\repository"/>
    <property name="sun.java.launcher" value="SUN_STANDARD"/>
    <property name="sun.management.compiler" value="HotSpot 64-Bit Tiered Compilers"/>
    <property name="env.PROMPT" value="$P$G"/>
    <property name="env.LESSCHARSET" value="utf-8"/>
    <property name="os.name" value="Windows 7"/>
    <property name="env.PYTHONPATH" value="C:\work\programs\Python26"/>
    <property name="env.HISTFILE" value="c:/Users/lorenzo/.bash_history"/>
    <property name="env.FP_NO_HOST_CHECK" value="NO"/>
    <property name="sun.boot.class.path" value="c:\work\programs\Java\jdk1.6.0_33\jre\lib\resources.jar;c:\work\programs\Java\jdk1.6.0_33\jre\lib\rt.jar;c:\work\programs\Java\jdk1.6.0_33\jre\lib\sunrsasign.jar;c:\work\programs\Java\jdk1.6.0_33\jre\lib\jsse.jar;c:\work\programs\Java\jdk1.6.0_33\jre\lib\jce.jar;c:\work\programs\Java\jdk1.6.0_33\jre\lib\charsets.jar;c:\work\programs\Java\jdk1.6.0_33\jre\lib\modules\jdk.boot.jar;c:\work\programs\Java\jdk1.6.0_33\jre\classes"/>
    <property name="env.COMPUTERNAME" value="LORENZO-LAPTOP"/>
    <property name="env.PWD" value="c:/work/projects/geostore/geostore/src"/>
    <property name="env.MAKE_MODE" value="unix"/>
    <property name="env.ALLUSERSPROFILE" value="C:\ProgramData"/>
    <property name="sun.desktop" value="windows"/>
    <property name="env.LESS" value="-FRSX"/>
    <property name="java.vm.specification.vendor" value="Sun Microsystems Inc."/>
    <property name="java.runtime.version" value="1.6.0_33-b03"/>
    <property name="env.HOMEPATH" value="\Users\Admin"/>
    <property name="user.name" value="Admin"/>
    <property name="env.GNUPGHOME" value="c:/Users/lorenzo/.gnupg"/>
    <property name="env.MSYSTEM" value="MINGW32"/>
    <property name="env.ONLINESERVICES" value="Online Services"/>
    <property name="env.WINDOWS_TRACING_FLAGS" value="3"/>
    <property name="env.PATH" value="c:\Users\lorenzo\bin;.;c:\work\programs\Git\local\bin;c:\work\programs\Git\mingw\bin;c:\work\programs\Git\bin;c:\work\programs\senchacmd\Sencha\Cmd\3.1.2.342;c:\Program Files (x86)\SenchaSDKTools-2.0.0-beta3;c:\work\programs\Subversion;c:\Program Files (x86)\HP SimplePass 2011\;c:\Program Files\Common Files\Microsoft Shared\Windows Live;c:\Program Files (x86)\Common Files\Microsoft Shared\Windows Live;c:\Windows\system32;c:\Windows;c:\Windows\System32\Wbem;c:\Windows\System32\WindowsPowerShell\v1.0\;c:\Program Files (x86)\Windows Live\Shared;c:\Program Files (x86)\ATI Technologies\ATI.ACE\Core-Static;c:\Program Files (x86)\Intel\Services\IPT\;c:\work\programs\Git\cmd;c:\work\programs\Git\bin;c:\work\programs\apache-ant-1.8.4\bin\;c:\work\programs\Subversion;c:\work\programs\Python26;c:\work\programs\Python26\Scripts;c:\Program Files (x86)\MiKTeX 2.9\miktex\bin\;c:\work\programs\Tunnelier;c:\Program Files\PostgreSQL\9.1\bin;c:\work\programs\curl;c:\work\programs\apache-maven-2.2.1\bin;c:\work\programs\Java\jdk1.6.0_33\bin;c:\Program Files (x86)\MinGW\bin;c:\work\programs\gradle-1.9\bin;c:\work\programs\apache-maven-3.0.4\bin;c:\work\programs\cvsnt;c:\work\programs\OpenVPN\bin; %ANDROID_HOME%\tools;%ANDROID_HOME%\platform-tools;c:\Ruby193\bin"/>
    <property name="user.language" value="it"/>
    <property name="env.WINDIR" value="C:\Windows"/>
    <property name="sun.boot.library.path" value="c:\work\programs\Java\jdk1.6.0_33\jre\bin"/>
    <property name="classworlds.conf" value="c:/work/programs/apache-maven-2.2.1/bin/m2.conf"/>
    <property name="java.version" value="1.6.0_33"/>
    <property name="env.PROCESSOR_IDENTIFIER" value="Intel64 Family 6 Model 42 Stepping 7, GenuineIntel"/>
    <property name="user.timezone" value="Europe/Berlin"/>
    <property name="env.TEMP" value="C:/Users/Admin/AppData/Local/Temp"/>
    <property name="sun.arch.data.model" value="64"/>
    <property name="env.!::" value="::\"/>
    <property name="env.PLATFORM" value="MCD"/>
    <property name="env.WINDOWS_TRACING_LOGFILE" value="C:\BVTBin\Tests\installpackage\csilogfile.log"/>
    <property name="java.endorsed.dirs" value="c:\work\programs\Java\jdk1.6.0_33\jre\lib\endorsed"/>
    <property name="sun.cpu.isalist" value="amd64"/>
    <property name="env.HOMEDRIVE" value="C:"/>
    <property name="sun.jnu.encoding" value="Cp1252"/>
    <property name="file.encoding.pkg" value="sun.io"/>
    <property name="env.SHLVL" value="1"/>
    <property name="env.SYSTEMDRIVE" value="C:"/>
    <property name="file.separator" value="\"/>
    <property name="java.specification.name" value="Java Platform API Specification"/>
    <property name="java.class.version" value="50.0"/>
    <property name="user.country" value="IT"/>
    <property name="env.GRADLE_HOME" value="C:\work\programs\gradle-1.9"/>
    <property name="java.home" value="c:\work\programs\Java\jdk1.6.0_33\jre"/>
    <property name="env.ANDROID_HOME" value="C:\work\programs\android\sdk"/>
    <property name="env.APPDATA" value="C:\Users\Admin\AppData\Roaming"/>
    <property name="env.PUBLIC" value="C:\Users\Public"/>
    <property name="java.vm.info" value="mixed mode"/>
    <property name="env.OS" value="Windows_NT"/>
    <property name="env.LOGNAME" value="Admin"/>
    <property name="os.version" value="6.1"/>
    <property name="path.separator" value=";"/>
    <property name="java.vm.version" value="20.8-b03"/>
    <property name="env.USERPROFILE" value="C:\Users\Admin"/>
    <property name="user.variant" value=""/>
    <property name="env.JAVA_HOME" value="c:/work/programs/Java/jdk1.6.0_33"/>
    <property name="java.awt.printerjob" value="sun.awt.windows.WPrinterJob"/>
    <property name="env.TERM" value="cygwin"/>
    <property name="env.TMP" value="C:/Users/Admin/AppData/Local/Temp"/>
    <property name="env.PROGRAMFILES" value="C:\Program Files"/>
    <property name="sun.io.unicode.encoding" value="UnicodeLittle"/>
    <property name="env.SENCHA_SDK_TOOLS_2_0_0_BETA3" value="C:\Program Files (x86)\SenchaSDKTools-2.0.0-beta3"/>
    <property name="awt.toolkit" value="sun.awt.windows.WToolkit"/>
    <property name="env.PYTHONHOME" value="C:\work\programs\Python26"/>
    <property name="user.home" value="C:\Users\Admin"/>
    <property name="env.COMMONPROGRAMFILES" value="C:\Program Files\Common Files"/>
    <property name="env.SESSIONNAME" value="Console"/>
    <property name="java.specification.vendor" value="Sun Microsystems Inc."/>
    <property name="env.M2_HOME" value="c:/work/programs/apache-maven-2.2.1"/>
    <property name="java.vendor.url" value="http://java.sun.com/"/>
    <property name="java.library.path" value="c:\work\programs\Java\jdk1.6.0_33\bin;C:\Windows\Sun\Java\bin;C:\Windows\system32;C:\Windows;c:\Users\lorenzo\bin;.;c:\work\programs\Git\local\bin;c:\work\programs\Git\mingw\bin;c:\work\programs\Git\bin;c:\work\programs\senchacmd\Sencha\Cmd\3.1.2.342;c:\Program Files (x86)\SenchaSDKTools-2.0.0-beta3;c:\work\programs\Subversion;c:\Program Files (x86)\HP SimplePass 2011\;c:\Program Files\Common Files\Microsoft Shared\Windows Live;c:\Program Files (x86)\Common Files\Microsoft Shared\Windows Live;c:\Windows\system32;c:\Windows;c:\Windows\System32\Wbem;c:\Windows\System32\WindowsPowerShell\v1.0\;c:\Program Files (x86)\Windows Live\Shared;c:\Program Files (x86)\ATI Technologies\ATI.ACE\Core-Static;c:\Program Files (x86)\Intel\Services\IPT\;c:\work\programs\Git\cmd;c:\work\programs\Git\bin;c:\work\programs\apache-ant-1.8.4\bin\;c:\work\programs\Subversion;c:\work\programs\Python26;c:\work\programs\Python26\Scripts;c:\Program Files (x86)\MiKTeX 2.9\miktex\bin\;c:\work\programs\Tunnelier;c:\Program Files\PostgreSQL\9.1\bin;c:\work\programs\curl;c:\work\programs\apache-maven-2.2.1\bin;c:\work\programs\Java\jdk1.6.0_33\bin;c:\Program Files (x86)\MinGW\bin;c:\work\programs\gradle-1.9\bin;c:\work\programs\apache-maven-3.0.4\bin;c:\work\programs\cvsnt;c:\work\programs\OpenVPN\bin; %ANDROID_HOME%\tools;%ANDROID_HOME%\platform-tools;c:\Ruby193\bin;."/>
    <property name="env.NUMBER_OF_PROCESSORS" value="4"/>
    <property name="env.PSMODULEPATH" value="C:\Windows\system32\WindowsPowerShell\v1.0\Modules\"/>
    <property name="env.COMMONPROGRAMFILES(X86)" value="C:\Program Files (x86)\Common Files"/>
    <property name="java.vm.vendor" value="Sun Microsystems Inc."/>
    <property name="dgws.config.dir" value="src/test/resources"/>
    <property name="java.runtime.name" value="Java(TM) SE Runtime Environment"/>
    <property name="maven.home" value="c:\work\programs\apache-maven-2.2.1"/>
    <property name="java.class.path" value="c:/work/programs/apache-maven-2.2.1/boot/classworlds-1.1.jar"/>
    <property name="sun.java.command" value="org.codehaus.classworlds.Launcher &quot;install&quot; &quot;-Pextjs,postgres&quot;"/>
    <property name="env.PCBRAND" value="Pavilion"/>
    <property name="env.PROGRAMW6432" value="C:\Program Files"/>
    <property name="env.SENCHA_CMD_3_0_0" value="C:\work\programs\senchacmd/Sencha/Cmd/3.1.2.342"/>
    <property name="env.PROGRAMFILES(X86)" value="C:\Program Files (x86)"/>
    <property name="java.vm.specification.name" value="Java Virtual Machine Specification"/>
    <property name="env.LOGONSERVER" value="\\LORENZO-LAPTOP"/>
    <property name="java.vm.specification.version" value="1.0"/>
    <property name="env.PROCESSOR_ARCHITECTURE" value="AMD64"/>
    <property name="env.COMMONPROGRAMW6432" value="C:\Program Files\Common Files"/>
    <property name="sun.os.patch.level" value="Service Pack 1"/>
    <property name="sun.cpu.endian" value="little"/>
    <property name="env.HOME" value="c:/Users/lorenzo"/>
    <property name="env.ANT_HOME" value="C:\work\programs\apache-ant-1.8.4"/>
    <property name="surefire.test.class.path" value="C:\work\projects\geostore\geostore\src\server\core\security\target\test-classes;C:\work\projects\geostore\geostore\src\server\core\security\target\classes;C:\Users\Admin\.m2\repository\commons-lang\commons-lang\2.3\commons-lang-2.3.jar;C:\Users\Admin\.m2\repository\commons-collections\commons-collections\3.2\commons-collections-3.2.jar;C:\Users\Admin\.m2\repository\commons-codec\commons-codec\1.4\commons-codec-1.4.jar;C:\Users\Admin\.m2\repository\commons-dbcp\commons-dbcp\1.2.2\commons-dbcp-1.2.2.jar;C:\Users\Admin\.m2\repository\commons-pool\commons-pool\1.3\commons-pool-1.3.jar;C:\Users\Admin\.m2\repository\commons-io\commons-io\1.4\commons-io-1.4.jar;C:\Users\Admin\.m2\repository\dom4j\dom4j\1.6.1\dom4j-1.6.1.jar;C:\Users\Admin\.m2\repository\xml-apis\xml-apis\1.0.b2\xml-apis-1.0.b2.jar;C:\Users\Admin\.m2\repository\log4j\log4j\1.2.14\log4j-1.2.14.jar;C:\Users\Admin\.m2\repository\org\slf4j\slf4j-log4j12\1.5.8\slf4j-log4j12-1.5.8.jar;C:\Users\Admin\.m2\repository\org\slf4j\slf4j-api\1.5.6\slf4j-api-1.5.6.jar;C:\Users\Admin\.m2\repository\org\springframework\spring-aop\3.0.5.RELEASE\spring-aop-3.0.5.RELEASE.jar;C:\Users\Admin\.m2\repository\aopalliance\aopalliance\1.0\aopalliance-1.0.jar;C:\Users\Admin\.m2\repository\org\springframework\spring-asm\3.0.5.RELEASE\spring-asm-3.0.5.RELEASE.jar;C:\Users\Admin\.m2\repository\org\springframework\spring-beans\3.0.5.RELEASE\spring-beans-3.0.5.RELEASE.jar;C:\Users\Admin\.m2\repository\org\springframework\spring-core\3.0.5.RELEASE\spring-core-3.0.5.RELEASE.jar;C:\Users\Admin\.m2\repository\commons-logging\commons-logging\1.0.3\commons-logging-1.0.3.jar;C:\Users\Admin\.m2\repository\org\springframework\spring-context\3.0.5.RELEASE\spring-context-3.0.5.RELEASE.jar;C:\Users\Admin\.m2\repository\org\springframework\spring-expression\3.0.5.RELEASE\spring-expression-3.0.5.RELEASE.jar;C:\Users\Admin\.m2\repository\org\springframework\security\spring-security-core\3.0.5.RELEASE\spring-security-core-3.0.5.RELEASE.jar;C:\Users\Admin\.m2\repository\org\springframework\spring-tx\3.0.5.RELEASE\spring-tx-3.0.5.RELEASE.jar;C:\Users\Admin\.m2\repository\org\aspectj\aspectjrt\1.5.4\aspectjrt-1.5.4.jar;C:\Users\Admin\.m2\repository\org\aspectj\aspectjweaver\1.5.4\aspectjweaver-1.5.4.jar;C:\Users\Admin\.m2\repository\org\springframework\security\spring-security-crypto\3.1.3.RELEASE\spring-security-crypto-3.1.3.RELEASE.jar;C:\Users\Admin\.m2\repository\org\jasypt\jasypt\1.8\jasypt-1.8.jar;C:\Users\Admin\.m2\repository\commons-beanutils\commons-beanutils\1.7.0\commons-beanutils-1.7.0.jar;C:\Users\Admin\.m2\repository\jdom\jdom\1.0\jdom-1.0.jar;C:\Users\Admin\.m2\repository\junit\junit\4.4\junit-4.4.jar;"/>
    <property name="java.io.tmpdir" value="C:\Users\Admin\AppData\Local\Temp\"/>
    <property name="env.PROCESSOR_REVISION" value="2a07"/>
    <property name="env.VBOX_INSTALL_PATH" value="C:\Program Files\Oracle\VirtualBox\"/>
    <property name="java.vendor.url.bug" value="http://java.sun.com/cgi-bin/bugreport.cgi"/>
    <property name="env.M3_HOME" value="C:\work\programs\apache-maven-3.0.4"/>
    <property name="env.COMSPEC" value="C:\Windows\system32\cmd.exe"/>
    <property name="env.PROGRAMDATA" value="C:\ProgramData"/>
    <property name="java.awt.graphicsenv" value="sun.awt.Win32GraphicsEnvironment"/>
    <property name="os.arch" value="amd64"/>
    <property name="env.PLINK_PROTOCOL" value="ssh"/>
    <property name="java.ext.dirs" value="c:\work\programs\Java\jdk1.6.0_33\jre\lib\ext;C:\Windows\Sun\Java\lib\ext"/>
    <property name="env.MINGW" value="C:\Program Files (x86)\MinGW"/>
    <property name="user.dir" value="C:\work\projects\geostore\geostore\src\server\core\security"/>
    <property name="env.LOCALAPPDATA" value="C:\Users\Admin\AppData\Local"/>
    <property name="line.separator" value="
"/>
    <property name="env.INPUTRC" value="c:/work/programs/Git/etc/inputrc"/>
    <property name="java.vm.name" value="Java HotSpot(TM) 64-Bit Server VM"/>
    <property name="env.PATHEXT" value=".COM;.EXE;.BAT;.CMD;.VBS;.VBE;.JS;.JSE;.WSF;.WSH;.MSC;.RB;.RBW"/>
    <property name="basedir" value="C:\work\projects\geostore\geostore\src\server\core\security"/>
    <property name="env.M3" value="C:\work\programs\apache-maven-3.0.4/bin"/>
    <property name="env.M2" value="C:\work\programs\apache-maven-2.2.1\bin"/>
    <property name="env.USERNAME" value="Admin"/>
    <property name="file.encoding" value="Cp1252"/>
    <property name="env.USERDOMAIN" value="lorenzo-laptop"/>
    <property name="java.specification.version" value="1.6"/>
    <property name="env.PROCESSOR_LEVEL" value="6"/>
  </properties>
  <testcase time="1.024" classname="it.geosolutions.geostore.core.security.password.EncodingTest" name="testPbe"/>
  <testcase time="0.217" classname="it.geosolutions.geostore.core.security.password.EncodingTest" name="testDigest"/>
  <testcase time="0.064" classname="it.geosolutions.geostore.core.security.password.EncodingTest" name="testCreateKeyStore"/>
</testsuite>