<?xml version="1.0" encoding="UTF-8" ?>
<testsuite failures="0" time="5.724" errors="0" skipped="0" tests="5" name="it.geosolutions.geostore.services.rest.AdministratorGeostoreClientTest">
  <properties>
    <property name="java.vendor" value="Sun Microsystems Inc."/>
    <property name="env.SYSTEMROOT" value="C:\Windows"/>
    <property name="localRepository" value="C:\Users\Alessio\.m2\repository"/>
    <property name="env.USERDOMAIN_ROAMINGPROFILE" value="VEGA"/>
    <property name="sun.java.launcher" value="SUN_STANDARD"/>
    <property name="sun.management.compiler" value="HotSpot 64-Bit Tiered Compilers"/>
    <property name="env.PROMPT" value="$P$G"/>
    <property name="os.name" value="Windows 8"/>
    <property name="env.FP_NO_HOST_CHECK" value="NO"/>
    <property name="sun.boot.class.path" value="c:\apps\Java\jdk1.6.0\jre\lib\resources.jar;c:\apps\Java\jdk1.6.0\jre\lib\rt.jar;c:\apps\Java\jdk1.6.0\jre\lib\sunrsasign.jar;c:\apps\Java\jdk1.6.0\jre\lib\jsse.jar;c:\apps\Java\jdk1.6.0\jre\lib\jce.jar;c:\apps\Java\jdk1.6.0\jre\lib\charsets.jar;c:\apps\Java\jdk1.6.0\jre\lib\modules\jdk.boot.jar;c:\apps\Java\jdk1.6.0\jre\classes"/>
    <property name="env.COMPUTERNAME" value="VEGA"/>
    <property name="env.ALLUSERSPROFILE" value="C:\ProgramData"/>
    <property name="sun.desktop" value="windows"/>
    <property name="java.vm.specification.vendor" value="Sun Microsystems Inc."/>
    <property name="java.runtime.version" value="1.6.0_45-b06"/>
    <property name="env.HOMEPATH" value="\Users\Alessio"/>
    <property name="env.=H:" value="H:\"/>
    <property name="user.name" value="Alessio"/>
    <property name="maven.build.version" value="Apache Maven 3.0.5 (r01de14724cdef164cd33c7c8c2fe155faf9602da; 2013-02-19 14:51:28+0100)"/>
    <property name="env.PYTHON_HOME" value="C:\apps\Python27"/>
    <property name="env.PATH" value="c:\Windows\System32;C:\apps\MinGW-64\mingw\bin;C:\apps\apache-ant-1.8.0\bin;C:\apps\maven-3.0.5\bin;c:\apps\Java\jdk1.6.0\bin;C:\apps\Python27;C:\apps\Python27\Scripts;c:\apps\gpg\GnuPG;;\command;C:\Program Files (x86)\NVIDIA Corporation\PhysX\Common;C:\Program Files (x86)\Intel\iCLS Client\;C:\Program Files\Intel\iCLS Client\;C:\Windows\system32;C:\Windows;C:\Windows\System32\Wbem;C:\Windows\System32\WindowsPowerShell\v1.0\;C:\Program Files (x86)\Intel\OpenCL SDK\2.0\bin\x86;C:\Program Files (x86)\Intel\OpenCL SDK\2.0\bin\x64;C:\Program Files\Intel\Intel(R) Management Engine Components\DAL;C:\Program Files\Intel\Intel(R) Management Engine Components\IPT;C:\Program Files (x86)\Intel\Intel(R) Management Engine Components\DAL;C:\Program Files (x86)\Intel\Intel(R) Management Engine Components\IPT;C:\apps\Git\cmd;C:\apps\Git\bin"/>
    <property name="user.language" value="it"/>
    <property name="env.WINDIR" value="C:\Windows"/>
    <property name="sun.boot.library.path" value="c:\apps\Java\jdk1.6.0\jre\bin"/>
    <property name="classworlds.conf" value="C:\apps\maven-3.0.5\bin\..\bin\m2.conf"/>
    <property name="java.version" value="1.6.0_45"/>
    <property name="env.PROCESSOR_IDENTIFIER" value="Intel64 Family 6 Model 58 Stepping 9, GenuineIntel"/>
    <property name="user.timezone" value="Europe/Berlin"/>
    <property name="env.TEMP" value="C:\Users\Alessio\AppData\Local\Temp"/>
    <property name="sun.arch.data.model" value="64"/>
    <property name="java.endorsed.dirs" value="c:\apps\Java\jdk1.6.0\jre\lib\endorsed"/>
    <property name="sun.cpu.isalist" value="amd64"/>
    <property name="env.HOMEDRIVE" value="C:"/>
    <property name="sun.jnu.encoding" value="Cp1252"/>
    <property name="file.encoding.pkg" value="sun.io"/>
    <property name="env.SYSTEMDRIVE" value="C:"/>
    <property name="file.separator" value="\"/>
    <property name="java.specification.name" value="Java Platform API Specification"/>
    <property name="java.class.version" value="50.0"/>
    <property name="user.country" value="IT"/>
    <property name="java.home" value="c:\apps\Java\jdk1.6.0\jre"/>
    <property name="env.APPDATA" value="C:\Users\Alessio\AppData\Roaming"/>
    <property name="env.PUBLIC" value="C:\Users\Public"/>
    <property name="java.vm.info" value="mixed mode"/>
    <property name="env.OS" value="Windows_NT"/>
    <property name="os.version" value="6.2"/>
    <property name="path.separator" value=";"/>
    <property name="java.vm.version" value="20.45-b01"/>
    <property name="env.USERPROFILE" value="C:\Users\Alessio"/>
    <property name="user.variant" value=""/>
    <property name="env.JAVA_HOME" value="c:\apps\Java\jdk1.6.0"/>
    <property name="java.awt.printerjob" value="sun.awt.windows.WPrinterJob"/>
    <property name="env.TMP" value="C:\Users\Alessio\AppData\Local\Temp"/>
    <property name="env.PROGRAMFILES" value="C:\Program Files"/>
    <property name="sun.io.unicode.encoding" value="UnicodeLittle"/>
    <property name="awt.toolkit" value="sun.awt.windows.WToolkit"/>
    <property name="user.home" value="C:\Users\Alessio"/>
    <property name="env.LIBRARY_PATH" value="C:\apps\MinGW-64\mingw\lib;c:\apps\Python27\libs;c:\apps\Java\jdk1.6.0"/>
    <property name="env.COMMONPROGRAMFILES" value="C:\Program Files\Common Files"/>
    <property name="env.=EXITCODE" value="00000001"/>
    <property name="env.SESSIONNAME" value="Console"/>
    <property name="java.specification.vendor" value="Sun Microsystems Inc."/>
    <property name="env.CLASSPATH" value="c:\apps\Java\jdk1.6.0\bin"/>
    <property name="env.M2_HOME" value="C:\apps\maven-3.0.5\bin\.."/>
    <property name="env.NUMBER_OF_PROCESSORS" value="4"/>
    <property name="java.library.path" value="c:\apps\Java\jdk1.6.0\bin;C:\Windows\Sun\Java\bin;C:\Windows\system32;C:\Windows;c:\Windows\System32;C:\apps\MinGW-64\mingw\bin;C:\apps\apache-ant-1.8.0\bin;C:\apps\maven-3.0.5\bin;c:\apps\Java\jdk1.6.0\bin;C:\apps\Python27;C:\apps\Python27\Scripts;c:\apps\gpg\GnuPG;;\command;C:\Program Files (x86)\NVIDIA Corporation\PhysX\Common;C:\Program Files (x86)\Intel\iCLS Client\;C:\Program Files\Intel\iCLS Client\;C:\Windows\system32;C:\Windows;C:\Windows\System32\Wbem;C:\Windows\System32\WindowsPowerShell\v1.0\;C:\Program Files (x86)\Intel\OpenCL SDK\2.0\bin\x86;C:\Program Files (x86)\Intel\OpenCL SDK\2.0\bin\x64;C:\Program Files\Intel\Intel(R) Management Engine Components\DAL;C:\Program Files\Intel\Intel(R) Management Engine Components\IPT;C:\Program Files (x86)\Intel\Intel(R) Management Engine Components\DAL;C:\Program Files (x86)\Intel\Intel(R) Management Engine Components\IPT;C:\apps\Git\cmd;C:\apps\Git\bin;."/>
    <property name="java.vendor.url" value="http://java.sun.com/"/>
    <property name="env.COMMONPROGRAMFILES(X86)" value="C:\Program Files (x86)\Common Files"/>
    <property name="env.PSMODULEPATH" value="C:\Windows\system32\WindowsPowerShell\v1.0\Modules\"/>
    <property name="env.CLASSWORLDS_LAUNCHER" value="org.codehaus.plexus.classworlds.launcher.Launcher"/>
    <property name="env.MAVEN_CMD_LINE_ARGS" value="clean install eclipse:eclipse eclipse:clean"/>
    <property name="java.vm.vendor" value="Sun Microsystems Inc."/>
    <property name="dgws.config.dir" value="src/test/resources"/>
    <property name="java.runtime.name" value="Java(TM) SE Runtime Environment"/>
    <property name="maven.home" value="C:\apps\maven-3.0.5\bin\.."/>
    <property name="java.class.path" value="C:\apps\maven-3.0.5\bin\..\boot\plexus-classworlds-2.4.jar"/>
    <property name="sun.java.command" value="org.codehaus.plexus.classworlds.launcher.Launcher clean install eclipse:eclipse eclipse:clean"/>
    <property name="env.PROGRAMW6432" value="C:\Program Files"/>
    <property name="maven.version" value="3.0.5"/>
    <property name="env.MAVEN_JAVA_EXE" value="&quot;c:\apps\Java\jdk1.6.0\bin\java.exe&quot;"/>
    <property name="env.PROGRAMFILES(X86)" value="C:\Program Files (x86)"/>
    <property name="java.vm.specification.name" value="Java Virtual Machine Specification"/>
    <property name="env.LOGONSERVER" value="\\MicrosoftAccount"/>
    <property name="java.vm.specification.version" value="1.0"/>
    <property name="env.PROCESSOR_ARCHITECTURE" value="AMD64"/>
    <property name="env.COMMONPROGRAMW6432" value="C:\Program Files\Common Files"/>
    <property name="sun.os.patch.level" value=""/>
    <property name="sun.cpu.endian" value="little"/>
    <property name="env.HOME" value="C:\Users\Alessio"/>
    <property name="env.ANT_HOME" value="C:\apps\apache-ant-1.8.0"/>
    <property name="surefire.test.class.path" value="C:\work\geostore\src\server\modules\rest\client\target\test-classes;C:\work\geostore\src\server\modules\rest\client\target\classes;C:\work\geostore\src\server\core\model\target\geostore-model-1.2-SNAPSHOT.jar;C:\Users\Alessio\.m2\repository\javax\xml\bind\jaxb-api\2.1\jaxb-api-2.1.jar;C:\Users\Alessio\.m2\repository\javax\xml\stream\stax-api\1.0-2\stax-api-1.0-2.jar;C:\Users\Alessio\.m2\repository\javax\activation\activation\1.1\activation-1.1.jar;C:\Users\Alessio\.m2\repository\com\sun\xml\bind\jaxb-impl\2.1.2\jaxb-impl-2.1.2.jar;C:\Users\Alessio\.m2\repository\org\hibernate\hibernate-annotations\3.3.1.GA\hibernate-annotations-3.3.1.GA.jar;C:\Users\Alessio\.m2\repository\org\hibernate\hibernate\3.2.6.ga\hibernate-3.2.6.ga.jar;C:\Users\Alessio\.m2\repository\net\sf\ehcache\ehcache\1.2.3\ehcache-1.2.3.jar;C:\Users\Alessio\.m2\repository\javax\transaction\jta\1.0.1B\jta-1.0.1B.jar;C:\Users\Alessio\.m2\repository\antlr\antlr\2.7.6\antlr-2.7.6.jar;C:\Users\Alessio\.m2\repository\org\hibernate\hibernate-commons-annotations\3.3.0.ga\hibernate-commons-annotations-3.3.0.ga.jar;C:\Users\Alessio\.m2\repository\javax\persistence\persistence-api\1.0\persistence-api-1.0.jar;C:\Users\Alessio\.m2\repository\org\hibernate\ejb3-persistence\1.0.1.GA\ejb3-persistence-1.0.1.GA.jar;C:\Users\Alessio\.m2\repository\commons-logging\commons-logging\1.0.4\commons-logging-1.0.4.jar;C:\Users\Alessio\.m2\repository\commons-beanutils\commons-beanutils\1.7.0\commons-beanutils-1.7.0.jar;C:\Users\Alessio\.m2\repository\jdom\jdom\1.0\jdom-1.0.jar;C:\work\geostore\src\server\core\services-api\target\geostore-services-api-1.2-SNAPSHOT.jar;C:\Users\Alessio\.m2\repository\commons-lang\commons-lang\2.3\commons-lang-2.3.jar;C:\Users\Alessio\.m2\repository\commons-collections\commons-collections\3.2\commons-collections-3.2.jar;C:\Users\Alessio\.m2\repository\dom4j\dom4j\1.6.1\dom4j-1.6.1.jar;C:\Users\Alessio\.m2\repository\xml-apis\xml-apis\1.0.b2\xml-apis-1.0.b2.jar;C:\Users\Alessio\.m2\repository\log4j\log4j\1.2.14\log4j-1.2.14.jar;C:\work\geostore\src\server\modules\rest\api\target\geostore-rest-api-1.2-SNAPSHOT.jar;C:\Users\Alessio\.m2\repository\org\apache\cxf\cxf-rt-frontend-jaxrs\2.3.2\cxf-rt-frontend-jaxrs-2.3.2.jar;C:\Users\Alessio\.m2\repository\org\apache\cxf\cxf-common-utilities\2.3.2\cxf-common-utilities-2.3.2.jar;C:\Users\Alessio\.m2\repository\org\apache\ws\commons\schema\XmlSchema\1.4.7\XmlSchema-1.4.7.jar;C:\Users\Alessio\.m2\repository\org\codehaus\woodstox\woodstox-core-asl\4.0.8\woodstox-core-asl-4.0.8.jar;C:\Users\Alessio\.m2\repository\org\codehaus\woodstox\stax2-api\3.0.2\stax2-api-3.0.2.jar;C:\Users\Alessio\.m2\repository\org\apache\cxf\cxf-api\2.3.2\cxf-api-2.3.2.jar;C:\Users\Alessio\.m2\repository\org\apache\neethi\neethi\2.0.4\neethi-2.0.4.jar;C:\Users\Alessio\.m2\repository\wsdl4j\wsdl4j\1.6.2\wsdl4j-1.6.2.jar;C:\Users\Alessio\.m2\repository\org\apache\cxf\cxf-common-schemas\2.3.2\cxf-common-schemas-2.3.2.jar;C:\Users\Alessio\.m2\repository\org\apache\cxf\cxf-rt-core\2.3.2\cxf-rt-core-2.3.2.jar;C:\Users\Alessio\.m2\repository\org\apache\geronimo\specs\geronimo-javamail_1.4_spec\1.7.1\geronimo-javamail_1.4_spec-1.7.1.jar;C:\Users\Alessio\.m2\repository\org\springframework\spring-core\3.0.5.RELEASE\spring-core-3.0.5.RELEASE.jar;C:\Users\Alessio\.m2\repository\org\springframework\spring-asm\3.0.5.RELEASE\spring-asm-3.0.5.RELEASE.jar;C:\Users\Alessio\.m2\repository\org\apache\cxf\cxf-rt-bindings-xml\2.3.2\cxf-rt-bindings-xml-2.3.2.jar;C:\Users\Alessio\.m2\repository\org\apache\cxf\cxf-rt-transports-http\2.3.2\cxf-rt-transports-http-2.3.2.jar;C:\Users\Alessio\.m2\repository\org\apache\cxf\cxf-rt-transports-common\2.3.2\cxf-rt-transports-common-2.3.2.jar;C:\Users\Alessio\.m2\repository\org\codehaus\jettison\jettison\1.2\jettison-1.2.jar;C:\Users\Alessio\.m2\repository\org\springframework\security\spring-security-core\3.0.5.RELEASE\spring-security-core-3.0.5.RELEASE.jar;C:\Users\Alessio\.m2\repository\org\springframework\spring-expression\3.0.3.RELEASE\spring-expression-3.0.3.RELEASE.jar;C:\Users\Alessio\.m2\repository\org\springframework\spring-context\3.0.5.RELEASE\spring-context-3.0.5.RELEASE.jar;C:\Users\Alessio\.m2\repository\org\springframework\spring-beans\3.0.5.RELEASE\spring-beans-3.0.5.RELEASE.jar;C:\Users\Alessio\.m2\repository\org\springframework\spring-tx\3.0.5.RELEASE\spring-tx-3.0.5.RELEASE.jar;C:\Users\Alessio\.m2\repository\aopalliance\aopalliance\1.0\aopalliance-1.0.jar;C:\Users\Alessio\.m2\repository\org\springframework\spring-aop\3.0.5.RELEASE\spring-aop-3.0.5.RELEASE.jar;C:\Users\Alessio\.m2\repository\org\aspectj\aspectjrt\1.5.4\aspectjrt-1.5.4.jar;C:\Users\Alessio\.m2\repository\org\aspectj\aspectjweaver\1.5.4\aspectjweaver-1.5.4.jar;C:\Users\Alessio\.m2\repository\org\springframework\security\spring-security-web\3.0.5.RELEASE\spring-security-web-3.0.5.RELEASE.jar;C:\Users\Alessio\.m2\repository\org\springframework\spring-web\3.0.5.RELEASE\spring-web-3.0.5.RELEASE.jar;C:\Users\Alessio\.m2\repository\org\springframework\security\spring-security-config\3.0.5.RELEASE\spring-security-config-3.0.5.RELEASE.jar;C:\Users\Alessio\.m2\repository\org\springframework\security\spring-security-ldap\3.0.5.RELEASE\spring-security-ldap-3.0.5.RELEASE.jar;C:\Users\Alessio\.m2\repository\org\springframework\ldap\spring-ldap-core\1.3.0.RELEASE\spring-ldap-core-1.3.0.RELEASE.jar;C:\Users\Alessio\.m2\repository\org\apache\directory\server\apacheds-all\1.5.5\apacheds-all-1.5.5.jar;C:\Users\Alessio\.m2\repository\org\apache\directory\shared\shared-ldap\0.9.15\shared-ldap-0.9.15.jar;C:\Users\Alessio\.m2\repository\org\apache\directory\shared\shared-asn1\0.9.15\shared-asn1-0.9.15.jar;C:\Users\Alessio\.m2\repository\org\apache\directory\shared\shared-ldap-constants\0.9.15\shared-ldap-constants-0.9.15.jar;C:\Users\Alessio\.m2\repository\org\slf4j\slf4j-api\1.5.6\slf4j-api-1.5.6.jar;C:\Users\Alessio\.m2\repository\org\slf4j\slf4j-log4j12\1.5.8\slf4j-log4j12-1.5.8.jar;C:\Users\Alessio\.m2\repository\javax\annotation\jsr250-api\1.0\jsr250-api-1.0.jar;C:\Users\Alessio\.m2\repository\javax\ws\rs\jsr311-api\1.1.1\jsr311-api-1.1.1.jar;C:\Users\Alessio\.m2\repository\com\sun\jersey\contribs\jersey-apache-client\1.12\jersey-apache-client-1.12.jar;C:\Users\Alessio\.m2\repository\commons-httpclient\commons-httpclient\3.1\commons-httpclient-3.1.jar;C:\Users\Alessio\.m2\repository\commons-codec\commons-codec\1.4\commons-codec-1.4.jar;C:\Users\Alessio\.m2\repository\com\sun\jersey\jersey-client\1.12\jersey-client-1.12.jar;C:\Users\Alessio\.m2\repository\com\sun\jersey\jersey-core\1.12\jersey-core-1.12.jar;C:\Users\Alessio\.m2\repository\junit\junit\4.8.2\junit-4.8.2.jar;"/>
    <property name="java.io.tmpdir" value="C:\Users\Alessio\AppData\Local\Temp\"/>
    <property name="env.PROCESSOR_REVISION" value="3a09"/>
    <property name="java.vendor.url.bug" value="http://java.sun.com/cgi-bin/bugreport.cgi"/>
    <property name="env.MAVEN_OPTS" value="-Xmx1024m -Djava.home=&quot;c:\apps\Java\jdk1.6.0\jre&quot;"/>
    <property name="env.COMSPEC" value="C:\Windows\system32\cmd.exe"/>
    <property name="env.PROGRAMDATA" value="C:\ProgramData"/>
    <property name="java.awt.graphicsenv" value="sun.awt.Win32GraphicsEnvironment"/>
    <property name="os.arch" value="amd64"/>
    <property name="java.ext.dirs" value="c:\apps\Java\jdk1.6.0\jre\lib\ext;C:\Windows\Sun\Java\lib\ext"/>
    <property name="user.dir" value="C:\work\geostore\src\server\modules\rest\client"/>
    <property name="env.LOCALAPPDATA" value="C:\Users\Alessio\AppData\Local"/>
    <property name="env.MAVEN_HOME" value="C:\apps\maven-3.0.5"/>
    <property name="line.separator" value="
"/>
    <property name="java.vm.name" value="Java HotSpot(TM) 64-Bit Server VM"/>
    <property name="env.CLASSWORLDS_JAR" value="&quot;C:\apps\maven-3.0.5\bin\..\boot\plexus-classworlds-2.4.jar&quot;"/>
    <property name="env.PATHEXT" value=".COM;.EXE;.BAT;.CMD;.VBS;.VBE;.JS;.JSE;.WSF;.WSH;.MSC"/>
    <property name="env.JRE_HOME" value="C:\apps\Java\jdk1.6.0"/>
    <property name="basedir" value="C:\work\geostore\src\server\modules\rest\client"/>
    <property name="env.ERROR_CODE" value="0"/>
    <property name="env.USERNAME" value="Alessio"/>
    <property name="file.encoding" value="Cp1252"/>
    <property name="env.USERDOMAIN" value="VEGA"/>
    <property name="java.specification.version" value="1.6"/>
    <property name="env.=C:" value="C:\work\geostore\src"/>
    <property name="env.PROCESSOR_LEVEL" value="6"/>
    <property name="env.=I:" value="I:\"/>
  </properties>
  <testcase time="1.324" classname="it.geosolutions.geostore.services.rest.AdministratorGeostoreClientTest" name="getIdTest"/>
  <testcase time="1.12" classname="it.geosolutions.geostore.services.rest.AdministratorGeostoreClientTest" name="getUsersTest"/>
  <testcase time="1.08" classname="it.geosolutions.geostore.services.rest.AdministratorGeostoreClientTest" name="createUserTest"/>
  <testcase time="1.053" classname="it.geosolutions.geostore.services.rest.AdministratorGeostoreClientTest" name="deleteUserTest"/>
  <testcase time="1.046" classname="it.geosolutions.geostore.services.rest.AdministratorGeostoreClientTest" name="updateUserTest"/>
</testsuite>